-------------------------------------------------------------------------------
Test set: TestSuite
-------------------------------------------------------------------------------
Tests run: 3, Failures: 3, Errors: 0, Skipped: 0, Time elapsed: 2.225 s <<< FAILURE! - in TestSuite
cucumberOptions.TestNGTestRunner.runScenario["Search Experience for product search in both home and Offers page", "Optional[Search and Place the order for Products]"](2)  Time elapsed: 0.39 s  <<< FAILURE!
java.lang.IllegalStateException: The driver executable must exist: D:\Cucumber with BDD By Rahul Shetty\CucumberFrameworkE:\Installables\Driver\chromedriver-win64\chromedriver-win64

cucumberOptions.TestNGTestRunner.runScenario["Search Experience for product search in both home and Offers page", "Optional[Place the order for Products]"](2)  Time elapsed: 0.39 s  <<< FAILURE!
java.lang.IllegalStateException: The driver executable must exist: D:\Cucumber with BDD By Rahul Shetty\CucumberFrameworkE:\Installables\Driver\chromedriver-win64\chromedriver-win64

cucumberOptions.TestNGTestRunner.runScenario["Search Experience for product search in both home and Offers page", "Optional[Search and Place the order for Products]"](3)  Time elapsed: 0.39 s  <<< FAILURE!
java.lang.IllegalStateException: The driver executable must exist: D:\Cucumber with BDD By Rahul Shetty\CucumberFrameworkE:\Installables\Driver\chromedriver-win64\chromedriver-win64

